/var/spool/slurm/d/job04307/slurm_script: line 13: /opt/intel/oneapi/intelpython/bin/activate: No such file or directory
job start time is Wed Mar 11 16:17:05 EDT 2026
+ srun -N1 -n1 --cpu_bind=cores -l --nodelist=cn1 --cpus-per-task=2 singularity exec --nv -B /nfs-share-stgnode/home/663380266-5 --pwd /nfs-share-stgnode/home/663380266-5/ADV_Project /nfs-share-stgnode/containers/pytorch_25_04_py3.sif bash /nfs-share-stgnode/home/663380266-5/ADV_Project/run_h100.sh
0: GpuFreq=control_disabled
0: INFO:    Converting SIF file to temporary sandbox...
0: WARNING: underlay of /usr/bin/nvidia-smi required more than 50 (476) bind mounts
0: 15:4: not a valid test operator:  
0: 15:4: not a valid test operator: 12.9
0: 21:4: not a valid test operator: (
0: 21:4: not a valid test operator: 525.125.06
0: Starting Python script inside PyTorch container...
0: Using device: cuda
0: 
0: === DDSG-GAN on MNIST | device=cuda ===
0: 
0: Pre-training target model T (10 epochs)...
0:   T epoch 1/10 — test acc: 98.22%
0:   T epoch 2/10 — test acc: 98.69%
0:   T epoch 3/10 — test acc: 98.90%
0:   T epoch 4/10 — test acc: 99.12%
0:   T epoch 5/10 — test acc: 99.17%
0:   T epoch 6/10 — test acc: 99.17%
0:   T epoch 7/10 — test acc: 99.24%
0:   T epoch 8/10 — test acc: 99.32%
0:   T epoch 9/10 — test acc: 99.30%
0:   T epoch 10/10 — test acc: 99.32%
0: 
0: Pre-training D1 to match T...
0:   Pre-training D1 for 5 epochs to match T...
0:     D1 pretrain epoch 1/5 — loss=1.0600
0:     D1 pretrain epoch 2/5 — loss=0.2795
0:     D1 pretrain epoch 3/5 — loss=0.2013
0:     D1 pretrain epoch 4/5 — loss=0.1592
0:     D1 pretrain epoch 5/5 — loss=0.1341
0:   D1 after pretrain — Accuracy: 96.71%  Similarity: 96.98%
0: 
0: [  1/50] batch    0/469 | L_D1=0.0000  L_D2=1.3867  L_G=3.7729  |δ|=0.2124  Q=0
0: [  1/50] batch  200/469 | L_D1=0.0000  L_D2=0.2486  L_G=1.2213  |δ|=0.1319  Q=1152
0: [  1/50] batch  400/469 | L_D1=0.0000  L_D2=0.0351  L_G=1.3077  |δ|=0.1433  Q=2432
0: [  2/50] batch    0/469 | L_D1=1.9722  L_D2=0.0207  L_G=1.2716  |δ|=0.1387  Q=2816
0: [  2/50] batch  200/469 | L_D1=1.9668  L_D2=0.0107  L_G=1.6616  |δ|=0.1358  Q=4096
0: [  2/50] batch  400/469 | L_D1=1.7969  L_D2=0.0077  L_G=1.6223  |δ|=0.1335  Q=5376
0: [  3/50] batch    0/469 | L_D1=0.0000  L_D2=0.0045  L_G=1.4028  |δ|=0.1313  Q=5760
0: [  3/50] batch  200/469 | L_D1=0.0000  L_D2=0.0037  L_G=1.2738  |δ|=0.1272  Q=7040
0: [  3/50] batch  400/469 | L_D1=0.0000  L_D2=0.0028  L_G=1.5413  |δ|=0.1255  Q=8320
0: [  4/50] batch    0/469 | L_D1=0.0000  L_D2=0.0053  L_G=1.2802  |δ|=0.1189  Q=8832
0: [  4/50] batch  200/469 | L_D1=0.0000  L_D2=0.0064  L_G=1.5119  |δ|=0.1197  Q=10112
0: [  4/50] batch  400/469 | L_D1=0.0000  L_D2=0.0040  L_G=1.5298  |δ|=0.1191  Q=11392
0: [  5/50] batch    0/469 | L_D1=0.0000  L_D2=0.0106  L_G=1.4047  |δ|=0.1187  Q=11776
0: [  5/50] batch  200/469 | L_D1=0.0000  L_D2=0.0021  L_G=1.2379  |δ|=0.1154  Q=13056
0: [  5/50] batch  400/469 | L_D1=0.0000  L_D2=0.0021  L_G=1.5213  |δ|=0.1171  Q=14336
0: [  6/50] batch    0/469 | L_D1=0.0000  L_D2=0.0010  L_G=1.5446  |δ|=0.1148  Q=14848
0: [  6/50] batch  200/469 | L_D1=0.0000  L_D2=0.0037  L_G=1.5239  |δ|=0.1081  Q=16128
0: [  6/50] batch  400/469 | L_D1=0.0000  L_D2=0.0008  L_G=1.6165  |δ|=0.1146  Q=17408
0: [  7/50] batch    0/469 | L_D1=0.0000  L_D2=0.0011  L_G=1.0379  |δ|=0.1126  Q=17792
0: [  7/50] batch  200/469 | L_D1=0.0000  L_D2=0.0007  L_G=1.4665  |δ|=0.1132  Q=19072
0: [  7/50] batch  400/469 | L_D1=0.0000  L_D2=0.0004  L_G=1.4531  |δ|=0.1152  Q=20352
0: [  8/50] batch    0/469 | L_D1=0.0000  L_D2=0.0013  L_G=1.6861  |δ|=0.1101  Q=20864
0: [  8/50] batch  200/469 | L_D1=0.0000  L_D2=0.0004  L_G=1.6104  |δ|=0.1116  Q=22144
0: [  8/50] batch  400/469 | L_D1=0.0000  L_D2=0.0007  L_G=1.1790  |δ|=0.1062  Q=23424
0: [  9/50] batch    0/469 | L_D1=0.0000  L_D2=0.0020  L_G=1.3724  |δ|=0.1078  Q=23808
0: [  9/50] batch  200/469 | L_D1=0.0000  L_D2=0.0038  L_G=1.4190  |δ|=0.1075  Q=25088
0: [  9/50] batch  400/469 | L_D1=0.0000  L_D2=0.0003  L_G=1.3984  |δ|=0.1056  Q=26368
0: [ 10/50] batch    0/469 | L_D1=0.0000  L_D2=0.0004  L_G=1.4185  |δ|=0.1055  Q=26880
0: [ 10/50] batch  200/469 | L_D1=0.0000  L_D2=0.0003  L_G=1.6607  |δ|=0.1071  Q=28160
0: [ 10/50] batch  400/469 | L_D1=0.0000  L_D2=0.0007  L_G=1.3614  |δ|=0.0993  Q=29440
0: [ 11/50] batch    0/469 | L_D1=0.0000  L_D2=0.0004  L_G=1.1856  |δ|=0.1031  Q=29824
0: [ 11/50] batch  200/469 | L_D1=0.0000  L_D2=0.0033  L_G=1.4905  |δ|=0.1030  Q=31104
0: [ 11/50] batch  400/469 | L_D1=0.0000  L_D2=0.0008  L_G=1.5360  |δ|=0.1076  Q=32384
0: [ 12/50] batch    0/469 | L_D1=1.1577  L_D2=0.0005  L_G=1.5431  |δ|=0.1065  Q=32896
0: [ 12/50] batch  200/469 | L_D1=1.3298  L_D2=0.0167  L_G=1.5908  |δ|=0.1041  Q=34176
0: [ 12/50] batch  400/469 | L_D1=1.0037  L_D2=0.0003  L_G=1.3958  |δ|=0.1049  Q=35456
0: [ 13/50] batch    0/469 | L_D1=0.0000  L_D2=0.0023  L_G=1.4515  |δ|=0.1012  Q=35840
0: [ 13/50] batch  200/469 | L_D1=0.0000  L_D2=0.0008  L_G=1.6296  |δ|=0.1019  Q=37120
0: [ 13/50] batch  400/469 | L_D1=0.0000  L_D2=0.0004  L_G=1.6776  |δ|=0.1045  Q=38400
0: [ 14/50] batch    0/469 | L_D1=0.0000  L_D2=0.0130  L_G=1.4003  |δ|=0.1025  Q=38784
0: [ 14/50] batch  200/469 | L_D1=0.0000  L_D2=0.0012  L_G=1.4793  |δ|=0.1021  Q=40064
0: [ 14/50] batch  400/469 | L_D1=0.0000  L_D2=0.0004  L_G=1.5822  |δ|=0.1015  Q=41344
0: [ 15/50] batch    0/469 | L_D1=0.0000  L_D2=0.0008  L_G=1.4187  |δ|=0.1004  Q=41856
0: [ 15/50] batch  200/469 | L_D1=0.0000  L_D2=0.0240  L_G=1.5288  |δ|=0.1023  Q=43136
0: [ 15/50] batch  400/469 | L_D1=0.0000  L_D2=0.0002  L_G=1.4267  |δ|=0.1013  Q=44416
0: [ 16/50] batch    0/469 | L_D1=0.0000  L_D2=0.0018  L_G=1.8383  |δ|=0.1036  Q=44800
0: [ 16/50] batch  200/469 | L_D1=0.0000  L_D2=0.0004  L_G=1.5104  |δ|=0.1021  Q=46080
0: [ 16/50] batch  400/469 | L_D1=0.0000  L_D2=0.0062  L_G=1.6954  |δ|=0.0994  Q=47360
0: [ 17/50] batch    0/469 | L_D1=0.0000  L_D2=0.0012  L_G=1.4150  |δ|=0.0966  Q=47872
0: [ 17/50] batch  200/469 | L_D1=0.0000  L_D2=0.0032  L_G=1.3316  |δ|=0.0954  Q=49152
0: [ 17/50] batch  400/469 | L_D1=0.0000  L_D2=0.0002  L_G=1.2637  |δ|=0.0959  Q=50432
0: [ 18/50] batch    0/469 | L_D1=0.0000  L_D2=0.0012  L_G=1.4451  |δ|=0.0991  Q=50816
0: [ 18/50] batch  200/469 | L_D1=0.0000  L_D2=0.0006  L_G=1.2656  |δ|=0.0956  Q=52096
0: [ 18/50] batch  400/469 | L_D1=0.0000  L_D2=0.0003  L_G=1.4389  |δ|=0.0988  Q=53376
0: [ 19/50] batch    0/469 | L_D1=0.0000  L_D2=0.0057  L_G=1.3621  |δ|=0.0987  Q=53888
0: [ 19/50] batch  200/469 | L_D1=0.0000  L_D2=0.0010  L_G=1.2670  |δ|=0.0997  Q=55168
0: [ 19/50] batch  400/469 | L_D1=0.0000  L_D2=0.0076  L_G=1.3756  |δ|=0.0944  Q=56448
0: [ 20/50] batch    0/469 | L_D1=0.0000  L_D2=0.0353  L_G=1.4952  |δ|=0.0962  Q=56832
0: [ 20/50] batch  200/469 | L_D1=0.0000  L_D2=0.0010  L_G=1.6154  |δ|=0.1017  Q=58112
0: [ 20/50] batch  400/469 | L_D1=0.0000  L_D2=0.0024  L_G=1.4295  |δ|=0.0993  Q=59392
0: [ 21/50] batch    0/469 | L_D1=0.0000  L_D2=0.0003  L_G=1.5088  |δ|=0.0984  Q=59872
0: [ 21/50] batch  200/469 | L_D1=0.0000  L_D2=0.0034  L_G=1.2302  |δ|=0.0963  Q=60001
0: [ 21/50] batch  400/469 | L_D1=0.0000  L_D2=0.0021  L_G=1.5752  |δ|=0.1011  Q=60001
0: [ 22/50] batch    0/469 | L_D1=0.8778  L_D2=0.0063  L_G=1.2682  |δ|=0.0930  Q=60001
0: [ 22/50] batch  200/469 | L_D1=0.9063  L_D2=0.0007  L_G=1.4451  |δ|=0.0982  Q=60001
0: [ 22/50] batch  400/469 | L_D1=0.7990  L_D2=0.0027  L_G=1.5354  |δ|=0.0971  Q=60001
0: [ 23/50] batch    0/469 | L_D1=0.0000  L_D2=0.0007  L_G=1.5005  |δ|=0.0966  Q=60001
0: [ 23/50] batch  200/469 | L_D1=0.0000  L_D2=0.0041  L_G=1.1703  |δ|=0.0974  Q=60001
0: [ 23/50] batch  400/469 | L_D1=0.0000  L_D2=0.0117  L_G=1.3667  |δ|=0.0983  Q=60001
0: [ 24/50] batch    0/469 | L_D1=0.0000  L_D2=0.0045  L_G=1.3350  |δ|=0.0967  Q=60001
0: [ 24/50] batch  200/469 | L_D1=0.0000  L_D2=0.0261  L_G=1.3170  |δ|=0.0965  Q=60001
0: [ 24/50] batch  400/469 | L_D1=0.0000  L_D2=0.0001  L_G=1.2529  |δ|=0.0943  Q=60001
0: [ 25/50] batch    0/469 | L_D1=0.0000  L_D2=0.0222  L_G=1.1809  |δ|=0.0944  Q=60001
0: [ 25/50] batch  200/469 | L_D1=0.0000  L_D2=0.0353  L_G=1.2796  |δ|=0.0917  Q=60001
0: [ 25/50] batch  400/469 | L_D1=0.0000  L_D2=0.0003  L_G=1.4920  |δ|=0.1010  Q=60001
0: [ 26/50] batch    0/469 | L_D1=0.0000  L_D2=0.0023  L_G=1.2242  |δ|=0.0924  Q=60001
0: [ 26/50] batch  200/469 | L_D1=0.0000  L_D2=0.0001  L_G=1.2885  |δ|=0.0971  Q=60001
0: [ 26/50] batch  400/469 | L_D1=0.0000  L_D2=0.0069  L_G=1.0557  |δ|=0.0889  Q=60001
0: [ 27/50] batch    0/469 | L_D1=0.0000  L_D2=0.0008  L_G=1.1910  |δ|=0.0982  Q=60001
0: [ 27/50] batch  200/469 | L_D1=0.0000  L_D2=0.0102  L_G=1.3144  |δ|=0.0914  Q=60001
0: [ 27/50] batch  400/469 | L_D1=0.0000  L_D2=0.0021  L_G=1.3199  |δ|=0.0981  Q=60001
0: [ 28/50] batch    0/469 | L_D1=0.0000  L_D2=0.0006  L_G=1.0828  |δ|=0.0930  Q=60001
0: [ 28/50] batch  200/469 | L_D1=0.0000  L_D2=0.0013  L_G=1.0207  |δ|=0.0911  Q=60001
0: [ 28/50] batch  400/469 | L_D1=0.0000  L_D2=0.0062  L_G=1.0575  |δ|=0.0882  Q=60001
0: [ 29/50] batch    0/469 | L_D1=0.0000  L_D2=0.0018  L_G=1.3182  |δ|=0.0948  Q=60001
0: [ 29/50] batch  200/469 | L_D1=0.0000  L_D2=0.0017  L_G=1.1029  |δ|=0.0947  Q=60001
0: [ 29/50] batch  400/469 | L_D1=0.0000  L_D2=0.0004  L_G=1.0186  |δ|=0.0941  Q=60001
0: [ 30/50] batch    0/469 | L_D1=0.0000  L_D2=0.0016  L_G=1.2149  |δ|=0.0964  Q=60001
0: [ 30/50] batch  200/469 | L_D1=0.0000  L_D2=0.0006  L_G=1.0464  |δ|=0.0925  Q=60001
0: [ 30/50] batch  400/469 | L_D1=0.0000  L_D2=0.0004  L_G=0.7912  |δ|=0.0911  Q=60001
0: [ 31/50] batch    0/469 | L_D1=0.0000  L_D2=0.0011  L_G=0.9379  |δ|=0.0934  Q=60001
0: [ 31/50] batch  200/469 | L_D1=0.0000  L_D2=0.0002  L_G=1.2565  |δ|=0.0951  Q=60001
0: [ 31/50] batch  400/469 | L_D1=0.0000  L_D2=0.0020  L_G=0.8271  |δ|=0.0925  Q=60001
0: [ 32/50] batch    0/469 | L_D1=0.5381  L_D2=0.0003  L_G=0.8911  |δ|=0.0938  Q=60001
0: [ 32/50] batch  200/469 | L_D1=0.6227  L_D2=0.0108  L_G=0.9361  |δ|=0.0936  Q=60001
0: [ 32/50] batch  400/469 | L_D1=0.7618  L_D2=0.0071  L_G=0.8923  |δ|=0.0902  Q=60001
0: [ 33/50] batch    0/469 | L_D1=0.0000  L_D2=0.0001  L_G=1.1711  |δ|=0.1011  Q=60001
0: [ 33/50] batch  200/469 | L_D1=0.0000  L_D2=0.0250  L_G=0.8219  |δ|=0.0935  Q=60001
0: [ 33/50] batch  400/469 | L_D1=0.0000  L_D2=0.0004  L_G=1.0183  |δ|=0.0978  Q=60001
0: [ 34/50] batch    0/469 | L_D1=0.0000  L_D2=0.0041  L_G=0.9279  |δ|=0.0942  Q=60001
0: [ 34/50] batch  200/469 | L_D1=0.0000  L_D2=0.0070  L_G=1.2263  |δ|=0.0973  Q=60001
0: [ 34/50] batch  400/469 | L_D1=0.0000  L_D2=0.0009  L_G=0.9409  |δ|=0.0949  Q=60001
0: [ 35/50] batch    0/469 | L_D1=0.0000  L_D2=0.0318  L_G=1.1869  |δ|=0.0954  Q=60001
0: [ 35/50] batch  200/469 | L_D1=0.0000  L_D2=0.0030  L_G=0.9369  |δ|=0.0944  Q=60001
0: [ 35/50] batch  400/469 | L_D1=0.0000  L_D2=0.0004  L_G=1.0385  |δ|=0.0957  Q=60001
0: [ 36/50] batch    0/469 | L_D1=0.0000  L_D2=0.0030  L_G=0.9224  |δ|=0.0910  Q=60001
0: [ 36/50] batch  200/469 | L_D1=0.0000  L_D2=0.0021  L_G=0.9643  |δ|=0.0904  Q=60001
0: [ 36/50] batch  400/469 | L_D1=0.0000  L_D2=0.0014  L_G=0.8493  |δ|=0.0874  Q=60001
0: [ 37/50] batch    0/469 | L_D1=0.0000  L_D2=0.0005  L_G=0.8224  |δ|=0.0908  Q=60001
0: [ 37/50] batch  200/469 | L_D1=0.0000  L_D2=0.0073  L_G=1.0473  |δ|=0.0935  Q=60001
0: [ 37/50] batch  400/469 | L_D1=0.0000  L_D2=0.0088  L_G=0.8206  |δ|=0.0927  Q=60001
0: [ 38/50] batch    0/469 | L_D1=0.0000  L_D2=0.0009  L_G=0.9021  |δ|=0.0907  Q=60001
0: [ 38/50] batch  200/469 | L_D1=0.0000  L_D2=0.0003  L_G=0.8755  |δ|=0.0892  Q=60001
0: [ 38/50] batch  400/469 | L_D1=0.0000  L_D2=0.0295  L_G=0.9496  |δ|=0.0898  Q=60001
0: [ 39/50] batch    0/469 | L_D1=0.0000  L_D2=0.0015  L_G=0.9936  |δ|=0.0900  Q=60001
0: [ 39/50] batch  200/469 | L_D1=0.0000  L_D2=0.0114  L_G=0.9845  |δ|=0.0928  Q=60001
0: [ 39/50] batch  400/469 | L_D1=0.0000  L_D2=0.0032  L_G=0.9900  |δ|=0.0901  Q=60001
0: [ 40/50] batch    0/469 | L_D1=0.0000  L_D2=0.0008  L_G=0.9686  |δ|=0.0897  Q=60001
0: [ 40/50] batch  200/469 | L_D1=0.0000  L_D2=0.0358  L_G=0.9196  |δ|=0.0881  Q=60001
0: [ 40/50] batch  400/469 | L_D1=0.0000  L_D2=0.0126  L_G=0.7131  |δ|=0.0835  Q=60001
0: [ 41/50] batch    0/469 | L_D1=0.0000  L_D2=0.0005  L_G=0.7798  |δ|=0.0899  Q=60001
0: [ 41/50] batch  200/469 | L_D1=0.0000  L_D2=0.0051  L_G=0.8779  |δ|=0.0906  Q=60001
0: [ 41/50] batch  400/469 | L_D1=0.0000  L_D2=0.0087  L_G=0.9710  |δ|=0.0931  Q=60001
0: [ 42/50] batch    0/469 | L_D1=0.6110  L_D2=0.0870  L_G=0.6937  |δ|=0.0823  Q=60001
0: [ 42/50] batch  200/469 | L_D1=0.7524  L_D2=0.0012  L_G=0.9055  |δ|=0.0888  Q=60001
0: [ 42/50] batch  400/469 | L_D1=0.5704  L_D2=0.0009  L_G=0.7102  |δ|=0.0869  Q=60001
0: [ 43/50] batch    0/469 | L_D1=0.0000  L_D2=0.0476  L_G=1.0102  |δ|=0.0949  Q=60001
0: [ 43/50] batch  200/469 | L_D1=0.0000  L_D2=0.0171  L_G=0.8861  |δ|=0.0890  Q=60001
0: [ 43/50] batch  400/469 | L_D1=0.0000  L_D2=0.0086  L_G=0.9065  |δ|=0.0891  Q=60001
0: [ 44/50] batch    0/469 | L_D1=0.0000  L_D2=0.0241  L_G=0.9666  |δ|=0.0884  Q=60001
0: [ 44/50] batch  200/469 | L_D1=0.0000  L_D2=0.0026  L_G=0.7669  |δ|=0.0866  Q=60001
0: [ 44/50] batch  400/469 | L_D1=0.0000  L_D2=0.0012  L_G=1.1882  |δ|=0.0926  Q=60001
0: [ 45/50] batch    0/469 | L_D1=0.0000  L_D2=0.0039  L_G=0.8433  |δ|=0.0880  Q=60001
0: [ 45/50] batch  200/469 | L_D1=0.0000  L_D2=0.0053  L_G=1.0909  |δ|=0.0909  Q=60001
0: [ 45/50] batch  400/469 | L_D1=0.0000  L_D2=0.0090  L_G=1.0206  |δ|=0.0926  Q=60001
0: [ 46/50] batch    0/469 | L_D1=0.0000  L_D2=0.0121  L_G=0.5095  |δ|=0.0846  Q=60001
0: [ 46/50] batch  200/469 | L_D1=0.0000  L_D2=0.0473  L_G=0.9327  |δ|=0.0880  Q=60001
0: [ 46/50] batch  400/469 | L_D1=0.0000  L_D2=0.0068  L_G=0.7018  |δ|=0.0923  Q=60001
0: [ 47/50] batch    0/469 | L_D1=0.0000  L_D2=0.0005  L_G=0.9361  |δ|=0.0919  Q=60001
0: [ 47/50] batch  200/469 | L_D1=0.0000  L_D2=0.0014  L_G=0.9392  |δ|=0.0890  Q=60001
0: [ 47/50] batch  400/469 | L_D1=0.0000  L_D2=0.0011  L_G=0.8785  |δ|=0.0862  Q=60001
0: [ 48/50] batch    0/469 | L_D1=0.0000  L_D2=0.0007  L_G=0.6718  |δ|=0.0841  Q=60001
0: [ 48/50] batch  200/469 | L_D1=0.0000  L_D2=0.0123  L_G=0.9447  |δ|=0.0884  Q=60001
0: [ 48/50] batch  400/469 | L_D1=0.0000  L_D2=0.0268  L_G=1.0364  |δ|=0.0896  Q=60001
0: [ 49/50] batch    0/469 | L_D1=0.0000  L_D2=0.0121  L_G=0.7794  |δ|=0.0835  Q=60001
0: [ 49/50] batch  200/469 | L_D1=0.0000  L_D2=0.0213  L_G=0.9546  |δ|=0.0910  Q=60001
0: [ 49/50] batch  400/469 | L_D1=0.0000  L_D2=0.0019  L_G=0.7216  |δ|=0.0855  Q=60001
0: [ 50/50] batch    0/469 | L_D1=0.0000  L_D2=0.0032  L_G=0.8337  |δ|=0.0902  Q=60001
0: [ 50/50] batch  200/469 | L_D1=0.0000  L_D2=0.0304  L_G=0.7515  |δ|=0.0869  Q=60001
0: [ 50/50] batch  400/469 | L_D1=0.0000  L_D2=0.0019  L_G=0.9132  |δ|=0.0925  Q=60001
0: Training complete.
0: 
0: Evaluating surrogate model D1 ...
0:   D1 Accuracy: 98.18%   Similarity with T: 98.41%
0: 
0: Computing Attack Success Rate (untargeted) ...
0:   Attack Success Rate (untargeted): 95.69%
0: 
0: Saving model and generating visualization...
0:   [+] Model saved successfully to ddsg_generator_mnist.pth
0:   [+] Visualization saved to adv_results.png
0: Python script finished.
0: INFO:    Cleaning up image...
+ set +x
job end time is Wed Mar 11 17:21:19 EDT 2026
